521
470
641
974
1076
875
801
959
385
871
803
550
726
983
637
260
458
902
1005
135
832
947
839
796
632
428
1068
492
912
439
496
1026
957
552
959
1026
477
479
975
115
743
608
635
573
869
311
1042
539
586
877
771
793
978
663
1014
441
623
562
709
775
435
1103
634
742
448
655
1022
1151
972
124
329
1043
939
1061
458
129
372
1063
931
534
203
476
1102
810
1115
714
590
750
668
978
871
945
839
771
711
426
614
433
1064
1047
1029
264
1002
898
638
856
904
960
724
1072
808
950
800
791
729
928
879
621
1067
847
657
814
869
331
991
735
942
687
1048
866
991
1103
828
1061
1009
380
887
1017
675
783
611
934
587
995
615
960
1056
967
709
904
778
804
978
631
744
1104
905
1071
448
1004
651
683
457
782
516
831
198
273
975
528
91
660
316
943
1080
690
610
565
675
997
679
917
882
206
752
976
403
1041
249
894
717
443
281
777
369
1052
587
437
875
402
740
1089
733
759
893
950
734
930
993
659
1078
909
568
722
486
944
764
541
1067
925
138
847
400
800
950
886
1119
809
754
583
1127
970
1087
98
936
1026
515
576
745
523
684
749
836
1070
1022
434
777
426
750
1084
249
794
331
844
496
588
442
1091
1100
1043
40
876
777
1008
626
614
527
953
1043
804
1111
1081
962
902
850
1015
1027
375
1081
911
895
996
983
241
392
955
397
842
182
872
849
875
435
641
598
377
1128
629
445
380
540
886
979
928
1089
1018
510
796
774
236
756
918
1127
1060
552
869
674
1091
868
604
579
1099
673
385
493
912
1105
1052
378
973
1013
329
1066
854
1004
82
464
868
508
676
989
909
970
589
550
454
1053
1029
925
1130
981
745
997
693
582
164
980
1075
357
1061
900
149
806
979
277
843
520
489
773
436
1003
729
601
1089
601
1011
995
504
927
768
951
895
1036
536
457
397
321
1113
805
642
1128
907
262
612
152
658
1016
303
957
667
1014
1050
822
470
874
743
1013
703
791
953
863
526
975
1038
199
863
141
605
809
717
286
1093
95
874
894
420
642
535
518
769
111
710
665
770
571
764
511
900
1070
581
214
561
376
305
862
736
692
856
880
990
1076
685
256
382
275
1028
868
530
868
585
858
732
843
820
918
857
448
848
1098
631
776
923
972
915
1145
243
917
1113
664
1122
1080
891
413
1067
1020
859
859
986
1090
532
373
984
863
799
749
837
466
972
499
953
892
1046
1039
777
961
619
835
873
1072
1128
1017
918
473
110
568
626
893
821
928
260
671
844
655
773
1064
396
824
1070
565
597
714
512
693
417
1085
705
865
1055
1013
1081
996
860
858
205
712
1084
755
877
801
801
386
965
520
425
441
1017
445
1053
556
758
1131
537
1074
965
748
929
272
658
1002
740
917
1077
626
672
214
1115
820
1118
1062
948
976
476
482
983
1063
289
310
677
512
249
683
959
987
627
441
575
970
695
775
201
882
524
300
555
43
928
674
483
877
426
482
705
1047
1133
213
724
1125
189
671
901
218
108
124
461
264
926
1105
1033
680
734
514
1131
502
442
975
886
649
784
561
353
782
461
1173
951
1094
876
838
664
470
900
395
759
888
809
933
998
590
374
1003
732
728
995
1107
917
418
958
1088
706
560
353
960
258
1074
1087
520
91
1086
154
536
509
831
1085
1052
1115
280
342
1090
759
719
732
974
563
1131
909
598
762
784
884
320
964
203
801
946
553
237
848
1012
440
372
766
916
312
1118
849
1063
497
407
694
795
959
957
645
911
904
1069
744
842
819
834
248
461
936
648
535
300
1076
802
171
969
200
998
146
885
296
860
380
342
720
921
997
1122
769
908
1017
710
297
441
779
299
553
970
941
1012
926
995
496
477
798
239
416
296
678
972
723
849
870
678
191
991
993
1110
229
976
947
209
1041
170
316
725
953
539
389
986
762
751
881
902
307
1033
213
542
918
698
1020
863
999
953
807
856
983
403
977
300
692
512
1012
91
240
903
778
875
837
535
402
681
876
931
571
876
486
1130
891
870
436
1106
1132
964
1130
550
272
863
575
1097
792
884
457
1133
759
1105
554
1085
924
185
920
744
407
788
1015
979
747
615
197
407
976
1088
587
1005
866
354
813
1048
1114
1116
463
335
304
1050
844
813
719
881
585
543
1041
640
358
892
870
647
577
210
1026
940
924
962
191
723
951
167
472
458
888
982
474
409
753
1051
571
1131
350
337
1061
653
1056
701
1017
762
899
974
964
887
598
493
647
653
982
773
659
839
1058
663
680
936
961
153
1064
1007
943
1009
1067
268
1049
933
556
876
512
592
1076
1109
549
634
756
1125
937
1010
779
519
953
887
643
956
958
1015
838
1108
988
1105
476
695
1082
807
838
577
719
776
90
674
780
889
425
563
665
963
547
906
529
592
843
971
697
1104
326
627
975
479
990
929
1041
724
622
